-------------------------------------------------------------------------------
Test set: com.example.springboot.HelloControllerTest
-------------------------------------------------------------------------------
Tests run: 1, Failures: 1, Errors: 0, Skipped: 0, Time elapsed: 6.783 s <<< FAILURE! - in com.example.springboot.HelloControllerTest
getHello  Time elapsed: 0.703 s  <<< FAILURE!
java.lang.AssertionError: Status expected:<200> but was:<404>
	at com.example.springboot.HelloControllerTest.getHello(HelloControllerTest.java:26)

